Started GET "/" for 127.0.0.1 at 2023-11-08 17:57:52 +0530
  [1m[35m (1.9ms)[0m  [1m[35mCREATE TABLE "schema_migrations" ("version" varchar NOT NULL PRIMARY KEY)[0m
  [1m[35m (0.1ms)[0m  [1m[35mCREATE TABLE "ar_internal_metadata" ("key" varchar NOT NULL PRIMARY KEY, "value" varchar, "created_at" datetime(6) NOT NULL, "updated_at" datetime(6) NOT NULL)[0m
  [1m[36mActiveRecord::SchemaMigration Load (0.2ms)[0m  [1m[34mSELECT "schema_migrations"."version" FROM "schema_migrations" ORDER BY "schema_migrations"."version" ASC[0m
Processing by Rails::WelcomeController#index as HTML
  Rendering /home/bacancy/.rvm/gems/ruby-3.0.0/gems/railties-7.1.1/lib/rails/templates/rails/welcome/index.html.erb
  Rendered /home/bacancy/.rvm/gems/ruby-3.0.0/gems/railties-7.1.1/lib/rails/templates/rails/welcome/index.html.erb (Duration: 0.7ms | Allocations: 523)
Completed 200 OK in 14ms (Views: 5.2ms | ActiveRecord: 0.0ms | Allocations: 9271)


  [1m[36mActiveRecord::InternalMetadata Load (0.2ms)[0m  [1m[34mSELECT * FROM "ar_internal_metadata" WHERE "ar_internal_metadata"."key" = ? ORDER BY "ar_internal_metadata"."key" ASC LIMIT 1[0m  [[nil, "environment"]]
  [1m[36mActiveRecord::InternalMetadata Create (0.3ms)[0m  [1m[32mINSERT INTO "ar_internal_metadata" ("key", "value", "created_at", "updated_at") VALUES ('environment', 'development', '2023-11-09 06:24:12.485603', '2023-11-09 06:24:12.485609') RETURNING "key"[0m
  [1m[36mActiveRecord::SchemaMigration Load (0.1ms)[0m  [1m[34mSELECT "schema_migrations"."version" FROM "schema_migrations" ORDER BY "schema_migrations"."version" ASC[0m
Migrating to CreateProducts (20231109062411)
  [1m[36mTRANSACTION (0.1ms)[0m  [1m[36mbegin transaction[0m
  [1m[35m (1.8ms)[0m  [1m[35mCREATE TABLE "products" ("id" integer PRIMARY KEY AUTOINCREMENT NOT NULL, "productname" varchar, "price" decimal, "description" text, "qty" integer, "created_at" datetime(6) NOT NULL, "updated_at" datetime(6) NOT NULL)[0m
  [1m[36mActiveRecord::SchemaMigration Create (0.2ms)[0m  [1m[32mINSERT INTO "schema_migrations" ("version") VALUES ('20231109062411') RETURNING "version"[0m
  [1m[36mTRANSACTION (0.6ms)[0m  [1m[36mcommit transaction[0m
  [1m[36mActiveRecord::SchemaMigration Load (0.1ms)[0m  [1m[34mSELECT "schema_migrations"."version" FROM "schema_migrations" ORDER BY "schema_migrations"."version" ASC[0m
Started GET "/" for 127.0.0.1 at 2023-11-09 12:01:11 +0530
  [1m[36mActiveRecord::SchemaMigration Load (0.2ms)[0m  [1m[34mSELECT "schema_migrations"."version" FROM "schema_migrations" ORDER BY "schema_migrations"."version" ASC[0m
Processing by ProductsController#index as HTML
  Rendering layout layouts/application.html.erb
  Rendering products/index.html.erb within layouts/application
  [1m[36mProduct Load (0.1ms)[0m  [1m[34mSELECT "products".* FROM "products"[0m
  ↳ app/views/products/index.html.erb:17
  Rendered products/index.html.erb within layouts/application (Duration: 2.0ms | Allocations: 1239)
  Rendered layout layouts/application.html.erb (Duration: 224.3ms | Allocations: 102740)
Completed 200 OK in 247ms (Views: 228.8ms | ActiveRecord: 0.1ms | Allocations: 122085)


Started GET "/products/new" for 127.0.0.1 at 2023-11-09 12:01:17 +0530
Processing by ProductsController#new as HTML
  Rendering layout layouts/application.html.erb
  Rendering products/new.html.erb within layouts/application
  Rendered products/_form.html.erb (Duration: 26.7ms | Allocations: 6384)
  Rendered products/new.html.erb within layouts/application (Duration: 28.0ms | Allocations: 6701)
  Rendered layout layouts/application.html.erb (Duration: 32.0ms | Allocations: 8739)
Completed 200 OK in 114ms (Views: 33.1ms | ActiveRecord: 1.1ms | Allocations: 107830)


Started GET "/products/new" for 127.0.0.1 at 2023-11-09 12:06:29 +0530
Processing by ProductsController#new as HTML
  Rendering layout layouts/application.html.erb
  Rendering products/new.html.erb within layouts/application
  Rendered products/_form.html.erb (Duration: 2.4ms | Allocations: 1645)
  Rendered products/new.html.erb within layouts/application (Duration: 3.3ms | Allocations: 1930)
  Rendered layout layouts/application.html.erb (Duration: 54.5ms | Allocations: 15901)
Completed 200 OK in 64ms (Views: 55.9ms | ActiveRecord: 1.6ms | Allocations: 21607)


Started POST "/products" for 127.0.0.1 at 2023-11-09 12:07:59 +0530
Processing by ProductsController#create as TURBO_STREAM
  Parameters: {"authenticity_token"=>"[FILTERED]", "product"=>{"productname"=>"", "price"=>"", "description"=>"", "qty"=>""}, "commit"=>"Create Product"}
  Rendering layout layouts/application.html.erb
  Rendering products/new.html.erb within layouts/application
  Rendered products/_form.html.erb (Duration: 6.1ms | Allocations: 5762)
  Rendered products/new.html.erb within layouts/application (Duration: 6.4ms | Allocations: 5894)
  Rendered layout layouts/application.html.erb (Duration: 8.7ms | Allocations: 7969)
Completed 200 OK in 21ms (Views: 9.3ms | ActiveRecord: 0.0ms | Allocations: 10320)


Started POST "/products" for 127.0.0.1 at 2023-11-09 12:08:00 +0530
Processing by ProductsController#create as TURBO_STREAM
  Parameters: {"authenticity_token"=>"[FILTERED]", "product"=>{"productname"=>"", "price"=>"", "description"=>"", "qty"=>""}, "commit"=>"Create Product"}
  Rendering layout layouts/application.html.erb
  Rendering products/new.html.erb within layouts/application
  Rendered products/_form.html.erb (Duration: 15.1ms | Allocations: 5534)
  Rendered products/new.html.erb within layouts/application (Duration: 15.6ms | Allocations: 5619)
  Rendered layout layouts/application.html.erb (Duration: 20.7ms | Allocations: 7695)
Completed 200 OK in 26ms (Views: 22.0ms | ActiveRecord: 0.0ms | Allocations: 9629)


Started POST "/products" for 127.0.0.1 at 2023-11-09 12:08:01 +0530
Processing by ProductsController#create as TURBO_STREAM
  Parameters: {"authenticity_token"=>"[FILTERED]", "product"=>{"productname"=>"", "price"=>"", "description"=>"", "qty"=>""}, "commit"=>"Create Product"}
  Rendering layout layouts/application.html.erb
  Rendering products/new.html.erb within layouts/application
  Rendered products/_form.html.erb (Duration: 10.1ms | Allocations: 5535)
  Rendered products/new.html.erb within layouts/application (Duration: 10.6ms | Allocations: 5620)
  Rendered layout layouts/application.html.erb (Duration: 15.0ms | Allocations: 7695)
Completed 200 OK in 19ms (Views: 16.2ms | ActiveRecord: 0.0ms | Allocations: 9647)


Started POST "/products" for 127.0.0.1 at 2023-11-09 12:08:01 +0530
Processing by ProductsController#create as TURBO_STREAM
  Parameters: {"authenticity_token"=>"[FILTERED]", "product"=>{"productname"=>"", "price"=>"", "description"=>"", "qty"=>""}, "commit"=>"Create Product"}
  Rendering layout layouts/application.html.erb
  Rendering products/new.html.erb within layouts/application
  Rendered products/_form.html.erb (Duration: 10.8ms | Allocations: 5534)
  Rendered products/new.html.erb within layouts/application (Duration: 11.4ms | Allocations: 5619)
  Rendered layout layouts/application.html.erb (Duration: 16.0ms | Allocations: 7694)
Completed 200 OK in 20ms (Views: 16.9ms | ActiveRecord: 0.0ms | Allocations: 9628)


Started POST "/products" for 127.0.0.1 at 2023-11-09 12:08:01 +0530
Processing by ProductsController#create as TURBO_STREAM
  Parameters: {"authenticity_token"=>"[FILTERED]", "product"=>{"productname"=>"", "price"=>"", "description"=>"", "qty"=>""}, "commit"=>"Create Product"}
  Rendering layout layouts/application.html.erb
  Rendering products/new.html.erb within layouts/application
  Rendered products/_form.html.erb (Duration: 11.5ms | Allocations: 5534)
  Rendered products/new.html.erb within layouts/application (Duration: 12.0ms | Allocations: 5619)
  Rendered layout layouts/application.html.erb (Duration: 16.4ms | Allocations: 7699)
Completed 200 OK in 20ms (Views: 17.4ms | ActiveRecord: 0.0ms | Allocations: 9631)


Started POST "/products" for 127.0.0.1 at 2023-11-09 12:08:01 +0530
Processing by ProductsController#create as TURBO_STREAM
  Parameters: {"authenticity_token"=>"[FILTERED]", "product"=>{"productname"=>"", "price"=>"", "description"=>"", "qty"=>""}, "commit"=>"Create Product"}
  Rendering layout layouts/application.html.erb
  Rendering products/new.html.erb within layouts/application
  Rendered products/_form.html.erb (Duration: 10.8ms | Allocations: 5534)
  Rendered products/new.html.erb within layouts/application (Duration: 11.4ms | Allocations: 5619)
  Rendered layout layouts/application.html.erb (Duration: 15.7ms | Allocations: 7694)
Completed 200 OK in 19ms (Views: 16.6ms | ActiveRecord: 0.0ms | Allocations: 9634)


Started POST "/products" for 127.0.0.1 at 2023-11-09 12:08:01 +0530
Processing by ProductsController#create as TURBO_STREAM
  Parameters: {"authenticity_token"=>"[FILTERED]", "product"=>{"productname"=>"", "price"=>"", "description"=>"", "qty"=>""}, "commit"=>"Create Product"}
  Rendering layout layouts/application.html.erb
  Rendering products/new.html.erb within layouts/application
  Rendered products/_form.html.erb (Duration: 10.8ms | Allocations: 5534)
  Rendered products/new.html.erb within layouts/application (Duration: 11.2ms | Allocations: 5619)
  Rendered layout layouts/application.html.erb (Duration: 15.6ms | Allocations: 7694)
Completed 200 OK in 20ms (Views: 16.6ms | ActiveRecord: 0.0ms | Allocations: 9622)


Started POST "/products" for 127.0.0.1 at 2023-11-09 12:08:01 +0530
Processing by ProductsController#create as TURBO_STREAM
  Parameters: {"authenticity_token"=>"[FILTERED]", "product"=>{"productname"=>"", "price"=>"", "description"=>"", "qty"=>""}, "commit"=>"Create Product"}
  Rendering layout layouts/application.html.erb
  Rendering products/new.html.erb within layouts/application
  Rendered products/_form.html.erb (Duration: 10.2ms | Allocations: 5534)
  Rendered products/new.html.erb within layouts/application (Duration: 10.6ms | Allocations: 5619)
  Rendered layout layouts/application.html.erb (Duration: 15.2ms | Allocations: 7694)
Completed 200 OK in 19ms (Views: 16.1ms | ActiveRecord: 0.0ms | Allocations: 9622)


Started POST "/products" for 127.0.0.1 at 2023-11-09 12:08:01 +0530
Processing by ProductsController#create as TURBO_STREAM
  Parameters: {"authenticity_token"=>"[FILTERED]", "product"=>{"productname"=>"", "price"=>"", "description"=>"", "qty"=>""}, "commit"=>"Create Product"}
  Rendering layout layouts/application.html.erb
  Rendering products/new.html.erb within layouts/application
  Rendered products/_form.html.erb (Duration: 10.5ms | Allocations: 5534)
  Rendered products/new.html.erb within layouts/application (Duration: 10.9ms | Allocations: 5619)
  Rendered layout layouts/application.html.erb (Duration: 15.1ms | Allocations: 7694)
Completed 200 OK in 19ms (Views: 16.0ms | ActiveRecord: 0.0ms | Allocations: 9624)


Started POST "/products" for 127.0.0.1 at 2023-11-09 12:08:01 +0530
Processing by ProductsController#create as TURBO_STREAM
  Parameters: {"authenticity_token"=>"[FILTERED]", "product"=>{"productname"=>"", "price"=>"", "description"=>"", "qty"=>""}, "commit"=>"Create Product"}
  Rendering layout layouts/application.html.erb
  Rendering products/new.html.erb within layouts/application
  Rendered products/_form.html.erb (Duration: 10.6ms | Allocations: 5534)
  Rendered products/new.html.erb within layouts/application (Duration: 11.2ms | Allocations: 5620)
  Rendered layout layouts/application.html.erb (Duration: 15.8ms | Allocations: 7695)
Completed 200 OK in 19ms (Views: 16.6ms | ActiveRecord: 0.0ms | Allocations: 9633)


Started POST "/products" for 127.0.0.1 at 2023-11-09 12:08:02 +0530
Processing by ProductsController#create as TURBO_STREAM
  Parameters: {"authenticity_token"=>"[FILTERED]", "product"=>{"productname"=>"", "price"=>"", "description"=>"", "qty"=>""}, "commit"=>"Create Product"}
  Rendering layout layouts/application.html.erb
  Rendering products/new.html.erb within layouts/application
  Rendered products/_form.html.erb (Duration: 10.4ms | Allocations: 5534)
  Rendered products/new.html.erb within layouts/application (Duration: 10.9ms | Allocations: 5619)
  Rendered layout layouts/application.html.erb (Duration: 15.3ms | Allocations: 7694)
Completed 200 OK in 19ms (Views: 16.4ms | ActiveRecord: 0.0ms | Allocations: 9630)


Started POST "/products" for 127.0.0.1 at 2023-11-09 12:08:02 +0530
Processing by ProductsController#create as TURBO_STREAM
  Parameters: {"authenticity_token"=>"[FILTERED]", "product"=>{"productname"=>"", "price"=>"", "description"=>"", "qty"=>""}, "commit"=>"Create Product"}
  Rendering layout layouts/application.html.erb
  Rendering products/new.html.erb within layouts/application
  Rendered products/_form.html.erb (Duration: 10.2ms | Allocations: 5534)
  Rendered products/new.html.erb within layouts/application (Duration: 10.6ms | Allocations: 5619)
  Rendered layout layouts/application.html.erb (Duration: 14.2ms | Allocations: 7694)
Completed 200 OK in 18ms (Views: 15.0ms | ActiveRecord: 0.0ms | Allocations: 9626)


Started POST "/products" for 127.0.0.1 at 2023-11-09 12:08:02 +0530
Processing by ProductsController#create as TURBO_STREAM
  Parameters: {"authenticity_token"=>"[FILTERED]", "product"=>{"productname"=>"", "price"=>"", "description"=>"", "qty"=>""}, "commit"=>"Create Product"}
  Rendering layout layouts/application.html.erb
  Rendering products/new.html.erb within layouts/application
  Rendered products/_form.html.erb (Duration: 9.7ms | Allocations: 5534)
  Rendered products/new.html.erb within layouts/application (Duration: 10.2ms | Allocations: 5619)
  Rendered layout layouts/application.html.erb (Duration: 14.5ms | Allocations: 7694)
Completed 200 OK in 18ms (Views: 15.4ms | ActiveRecord: 0.0ms | Allocations: 9634)


Started POST "/products" for 127.0.0.1 at 2023-11-09 12:08:02 +0530
Processing by ProductsController#create as TURBO_STREAM
  Parameters: {"authenticity_token"=>"[FILTERED]", "product"=>{"productname"=>"", "price"=>"", "description"=>"", "qty"=>""}, "commit"=>"Create Product"}
  Rendering layout layouts/application.html.erb
  Rendering products/new.html.erb within layouts/application
  Rendered products/_form.html.erb (Duration: 10.9ms | Allocations: 5534)
  Rendered products/new.html.erb within layouts/application (Duration: 11.4ms | Allocations: 5619)
  Rendered layout layouts/application.html.erb (Duration: 15.5ms | Allocations: 7694)
Completed 200 OK in 20ms (Views: 16.3ms | ActiveRecord: 0.0ms | Allocations: 9626)


Started POST "/products" for 127.0.0.1 at 2023-11-09 12:08:03 +0530
Processing by ProductsController#create as TURBO_STREAM
  Parameters: {"authenticity_token"=>"[FILTERED]", "product"=>{"productname"=>"", "price"=>"", "description"=>"", "qty"=>""}, "commit"=>"Create Product"}
  Rendering layout layouts/application.html.erb
  Rendering products/new.html.erb within layouts/application
  Rendered products/_form.html.erb (Duration: 11.1ms | Allocations: 5535)
  Rendered products/new.html.erb within layouts/application (Duration: 11.6ms | Allocations: 5620)
  Rendered layout layouts/application.html.erb (Duration: 15.5ms | Allocations: 7695)
Completed 200 OK in 19ms (Views: 16.3ms | ActiveRecord: 0.0ms | Allocations: 9633)


Started POST "/products" for 127.0.0.1 at 2023-11-09 12:08:03 +0530
Processing by ProductsController#create as TURBO_STREAM
  Parameters: {"authenticity_token"=>"[FILTERED]", "product"=>{"productname"=>"", "price"=>"", "description"=>"", "qty"=>""}, "commit"=>"Create Product"}
  Rendering layout layouts/application.html.erb
  Rendering products/new.html.erb within layouts/application
  Rendered products/_form.html.erb (Duration: 10.3ms | Allocations: 5534)
  Rendered products/new.html.erb within layouts/application (Duration: 10.7ms | Allocations: 5619)
  Rendered layout layouts/application.html.erb (Duration: 14.7ms | Allocations: 7694)
Completed 200 OK in 18ms (Views: 15.7ms | ActiveRecord: 0.0ms | Allocations: 9635)


Started POST "/products" for 127.0.0.1 at 2023-11-09 12:08:03 +0530
Processing by ProductsController#create as TURBO_STREAM
  Parameters: {"authenticity_token"=>"[FILTERED]", "product"=>{"productname"=>"", "price"=>"", "description"=>"", "qty"=>""}, "commit"=>"Create Product"}
  Rendering layout layouts/application.html.erb
  Rendering products/new.html.erb within layouts/application
  Rendered products/_form.html.erb (Duration: 10.9ms | Allocations: 5534)
  Rendered products/new.html.erb within layouts/application (Duration: 11.5ms | Allocations: 5619)
  Rendered layout layouts/application.html.erb (Duration: 16.0ms | Allocations: 7694)
Completed 200 OK in 21ms (Views: 17.3ms | ActiveRecord: 0.0ms | Allocations: 9612)


Started POST "/products" for 127.0.0.1 at 2023-11-09 12:08:08 +0530
Processing by ProductsController#create as TURBO_STREAM
  Parameters: {"authenticity_token"=>"[FILTERED]", "product"=>{"productname"=>"", "price"=>"", "description"=>"", "qty"=>""}, "commit"=>"Create Product"}
  Rendering layout layouts/application.html.erb
  Rendering products/new.html.erb within layouts/application
  Rendered products/_form.html.erb (Duration: 9.8ms | Allocations: 5534)
  Rendered products/new.html.erb within layouts/application (Duration: 10.2ms | Allocations: 5619)
  Rendered layout layouts/application.html.erb (Duration: 14.2ms | Allocations: 7694)
Completed 200 OK in 18ms (Views: 15.0ms | ActiveRecord: 0.0ms | Allocations: 9626)


Started POST "/products" for 127.0.0.1 at 2023-11-09 12:08:08 +0530
Processing by ProductsController#create as TURBO_STREAM
  Parameters: {"authenticity_token"=>"[FILTERED]", "product"=>{"productname"=>"", "price"=>"", "description"=>"", "qty"=>""}, "commit"=>"Create Product"}
  Rendering layout layouts/application.html.erb
  Rendering products/new.html.erb within layouts/application
  Rendered products/_form.html.erb (Duration: 10.7ms | Allocations: 5534)
  Rendered products/new.html.erb within layouts/application (Duration: 11.1ms | Allocations: 5619)
  Rendered layout layouts/application.html.erb (Duration: 15.1ms | Allocations: 7694)
Completed 200 OK in 19ms (Views: 16.1ms | ActiveRecord: 0.0ms | Allocations: 9632)


Started POST "/products" for 127.0.0.1 at 2023-11-09 12:08:09 +0530
Processing by ProductsController#create as TURBO_STREAM
  Parameters: {"authenticity_token"=>"[FILTERED]", "product"=>{"productname"=>"", "price"=>"", "description"=>"", "qty"=>""}, "commit"=>"Create Product"}
  Rendering layout layouts/application.html.erb
  Rendering products/new.html.erb within layouts/application
  Rendered products/_form.html.erb (Duration: 10.7ms | Allocations: 5534)
  Rendered products/new.html.erb within layouts/application (Duration: 11.1ms | Allocations: 5619)
  Rendered layout layouts/application.html.erb (Duration: 15.2ms | Allocations: 7694)
Completed 200 OK in 19ms (Views: 16.0ms | ActiveRecord: 0.0ms | Allocations: 9626)


Started GET "/products/new" for 127.0.0.1 at 2023-11-09 12:09:02 +0530
Processing by ProductsController#new as HTML
  Rendering layout layouts/application.html.erb
  Rendering products/new.html.erb within layouts/application
  Rendered products/_form.html.erb (Duration: 2.2ms | Allocations: 1656)
  Rendered products/new.html.erb within layouts/application (Duration: 2.9ms | Allocations: 1944)
  Rendered layout layouts/application.html.erb (Duration: 11.5ms | Allocations: 15878)
Completed 200 OK in 20ms (Views: 12.8ms | ActiveRecord: 1.5ms | Allocations: 21667)


Started GET "/products/new" for 127.0.0.1 at 2023-11-09 12:09:03 +0530
Processing by ProductsController#new as HTML
  Rendering layout layouts/application.html.erb
  Rendering products/new.html.erb within layouts/application
  Rendered products/_form.html.erb (Duration: 3.5ms | Allocations: 1096)
  Rendered products/new.html.erb within layouts/application (Duration: 4.0ms | Allocations: 1172)
  Rendered layout layouts/application.html.erb (Duration: 9.1ms | Allocations: 3196)
Completed 200 OK in 11ms (Views: 9.9ms | ActiveRecord: 0.0ms | Allocations: 3531)


Started POST "/products" for 127.0.0.1 at 2023-11-09 12:09:04 +0530
Processing by ProductsController#create as TURBO_STREAM
  Parameters: {"authenticity_token"=>"[FILTERED]", "product"=>{"productname"=>"", "price"=>"", "description"=>"", "qty"=>""}, "commit"=>"Create Product"}
  Rendering layout layouts/application.html.erb
  Rendering products/new.html.erb within layouts/application
  Rendered products/_form.html.erb (Duration: 11.6ms | Allocations: 5539)
  Rendered products/new.html.erb within layouts/application (Duration: 12.1ms | Allocations: 5671)
  Rendered layout layouts/application.html.erb (Duration: 16.7ms | Allocations: 7760)
Completed 200 OK in 21ms (Views: 17.6ms | ActiveRecord: 0.0ms | Allocations: 9911)


Started POST "/products" for 127.0.0.1 at 2023-11-09 12:09:49 +0530
Processing by ProductsController#create as TURBO_STREAM
  Parameters: {"authenticity_token"=>"[FILTERED]", "product"=>{"productname"=>"", "price"=>"", "description"=>"", "qty"=>""}, "commit"=>"Create Product"}
  Rendering layout layouts/application.html.erb
  Rendering products/new.html.erb within layouts/application
  Rendered products/_form.html.erb (Duration: 12.0ms | Allocations: 5534)
  Rendered products/new.html.erb within layouts/application (Duration: 12.4ms | Allocations: 5619)
  Rendered layout layouts/application.html.erb (Duration: 16.8ms | Allocations: 7694)
Completed 200 OK in 21ms (Views: 17.7ms | ActiveRecord: 0.0ms | Allocations: 9648)


Started POST "/products" for 127.0.0.1 at 2023-11-09 12:10:08 +0530
Processing by ProductsController#create as TURBO_STREAM
  Parameters: {"authenticity_token"=>"[FILTERED]", "product"=>{"productname"=>"pizza", "price"=>"90", "description"=>"corn with capsicum pizza", "qty"=>"30"}, "commit"=>"Create Product"}
  [1m[36mTRANSACTION (0.1ms)[0m  [1m[36mbegin transaction[0m
  ↳ app/controllers/products_controller.rb:19:in `create'
  [1m[36mProduct Create (1.7ms)[0m  [1m[32mINSERT INTO "products" ("productname", "price", "description", "qty", "created_at", "updated_at") VALUES (?, ?, ?, ?, ?, ?) RETURNING "id"[0m  [["productname", "pizza"], ["price", 90.0], ["description", "corn with capsicum pizza"], ["qty", 30], ["created_at", "2023-11-09 06:40:08.844383"], ["updated_at", "2023-11-09 06:40:08.844383"]]
  ↳ app/controllers/products_controller.rb:19:in `create'
  [1m[36mTRANSACTION (7.5ms)[0m  [1m[36mcommit transaction[0m
  ↳ app/controllers/products_controller.rb:19:in `create'
Completed 500 Internal Server Error in 39ms (ActiveRecord: 9.2ms | Allocations: 7941)


  
ActionView::MissingTemplate (Missing partial products/_product with {:locale=>[:en], :formats=>[:html], :variants=>[], :handlers=>[:raw, :erb, :html, :builder, :ruby, :jbuilder]}.

Searched in:
  * "/home/bacancy/Downloads/docker-example/app/views"
  * "/home/bacancy/.rvm/gems/ruby-3.0.0/gems/turbo-rails-1.5.0/app/views"
  * "/home/bacancy/.rvm/gems/ruby-3.0.0/gems/actiontext-7.1.1/app/views"
  * "/home/bacancy/.rvm/gems/ruby-3.0.0/gems/actionmailbox-7.1.1/app/views"

Did you mean?  products/form
               layouts/action_text/contents/content
               active_storage/blobs/blob
               action_text/attachables/remote_image
               action_text/contents/content
               action_text/attachables/content_attachment):
  
app/controllers/products_controller.rb:20:in `create'
Started GET "/products/new" for 127.0.0.1 at 2023-11-09 12:10:17 +0530
Processing by ProductsController#new as HTML
  Rendering layout layouts/application.html.erb
  Rendering products/new.html.erb within layouts/application
  Rendered products/_form.html.erb (Duration: 2.4ms | Allocations: 1658)
  Rendered products/new.html.erb within layouts/application (Duration: 3.4ms | Allocations: 1944)
  Rendered layout layouts/application.html.erb (Duration: 14.5ms | Allocations: 15933)
Completed 200 OK in 31ms (Views: 23.2ms | ActiveRecord: 1.6ms | Allocations: 21567)


Started POST "/products" for 127.0.0.1 at 2023-11-09 12:10:19 +0530
Processing by ProductsController#create as TURBO_STREAM
  Parameters: {"authenticity_token"=>"[FILTERED]", "product"=>{"productname"=>"", "price"=>"", "description"=>"", "qty"=>""}, "commit"=>"Create Product"}
  Rendering layout layouts/application.html.erb
  Rendering products/new.html.erb within layouts/application
  Rendered products/_form.html.erb (Duration: 12.0ms | Allocations: 5539)
  Rendered products/new.html.erb within layouts/application (Duration: 12.5ms | Allocations: 5671)
  Rendered layout layouts/application.html.erb (Duration: 17.2ms | Allocations: 7747)
Completed 200 OK in 21ms (Views: 18.1ms | ActiveRecord: 0.0ms | Allocations: 9868)


Started GET "/products" for 127.0.0.1 at 2023-11-09 12:10:27 +0530
Processing by ProductsController#index as HTML
  Rendering layout layouts/application.html.erb
  Rendering products/index.html.erb within layouts/application
  [1m[36mProduct Load (0.2ms)[0m  [1m[34mSELECT "products".* FROM "products"[0m
  ↳ app/views/products/index.html.erb:16
  Rendered products/index.html.erb within layouts/application (Duration: 3.9ms | Allocations: 1181)
  Rendered layout layouts/application.html.erb (Duration: 9.2ms | Allocations: 3407)
Completed 200 OK in 11ms (Views: 9.7ms | ActiveRecord: 0.2ms | Allocations: 3823)


Started GET "/products/new" for 127.0.0.1 at 2023-11-09 12:15:05 +0530
Processing by ProductsController#new as HTML
  Rendering layout layouts/application.html.erb
  Rendering products/new.html.erb within layouts/application
  Rendered products/_form.html.erb (Duration: 4.1ms | Allocations: 1100)
  Rendered products/new.html.erb within layouts/application (Duration: 4.6ms | Allocations: 1176)
  Rendered layout layouts/application.html.erb (Duration: 9.9ms | Allocations: 3200)
Completed 200 OK in 12ms (Views: 10.9ms | ActiveRecord: 0.0ms | Allocations: 3524)


Started POST "/products" for 127.0.0.1 at 2023-11-09 12:15:06 +0530
Processing by ProductsController#create as TURBO_STREAM
  Parameters: {"authenticity_token"=>"[FILTERED]", "product"=>{"productname"=>"", "price"=>"", "description"=>"", "qty"=>""}, "commit"=>"Create Product"}
  Rendering layout layouts/application.html.erb
  Rendering products/new.html.erb within layouts/application
  Rendered products/_form.html.erb (Duration: 10.1ms | Allocations: 5534)
  Rendered products/new.html.erb within layouts/application (Duration: 10.8ms | Allocations: 5619)
  Rendered layout layouts/application.html.erb (Duration: 14.8ms | Allocations: 7694)
Completed 200 OK in 19ms (Views: 15.7ms | ActiveRecord: 0.0ms | Allocations: 9624)


Started GET "/products/new" for 127.0.0.1 at 2023-11-09 12:18:32 +0530
Processing by ProductsController#new as HTML
  Rendering layout layouts/application.html.erb
  Rendering products/new.html.erb within layouts/application
  Rendered products/_form.html.erb (Duration: 2.6ms | Allocations: 1730)
  Rendered products/new.html.erb within layouts/application (Duration: 3.5ms | Allocations: 2014)
  Rendered layout layouts/application.html.erb (Duration: 12.7ms | Allocations: 15892)
Completed 200 OK in 23ms (Views: 15.1ms | ActiveRecord: 1.5ms | Allocations: 21487)


Started GET "/products/new" for 127.0.0.1 at 2023-11-09 12:18:33 +0530
Processing by ProductsController#new as HTML
  Rendering layout layouts/application.html.erb
  Rendering products/new.html.erb within layouts/application
  Rendered products/_form.html.erb (Duration: 2.7ms | Allocations: 1140)
  Rendered products/new.html.erb within layouts/application (Duration: 3.1ms | Allocations: 1216)
  Rendered layout layouts/application.html.erb (Duration: 8.3ms | Allocations: 3240)
Completed 200 OK in 10ms (Views: 9.2ms | ActiveRecord: 0.0ms | Allocations: 3563)


Started POST "/products" for 127.0.0.1 at 2023-11-09 12:18:34 +0530
Processing by ProductsController#create as TURBO_STREAM
  Parameters: {"authenticity_token"=>"[FILTERED]", "product"=>{"productname"=>"", "price"=>"", "description"=>"", "qty"=>""}, "commit"=>"Create Product"}
  Rendering layout /home/bacancy/.rvm/gems/ruby-3.0.0/gems/turbo-rails-1.5.0/app/views/layouts/turbo_rails/frame.html.erb
  Rendering products/new.html.erb within layouts/turbo_rails/frame
  Rendered products/_form.html.erb (Duration: 10.0ms | Allocations: 5569)
  Rendered products/new.html.erb within layouts/turbo_rails/frame (Duration: 10.5ms | Allocations: 5701)
  Rendered layout /home/bacancy/.rvm/gems/ruby-3.0.0/gems/turbo-rails-1.5.0/app/views/layouts/turbo_rails/frame.html.erb (Duration: 11.5ms | Allocations: 5939)
Completed 200 OK in 23ms (Views: 20.2ms | ActiveRecord: 0.0ms | Allocations: 8245)


Started GET "/products" for 127.0.0.1 at 2023-11-09 12:19:37 +0530
Processing by ProductsController#index as HTML
  Rendering layout layouts/application.html.erb
  Rendering products/index.html.erb within layouts/application
  [1m[36mProduct Load (0.3ms)[0m  [1m[34mSELECT "products".* FROM "products"[0m
  ↳ app/views/products/index.html.erb:16
  Rendered products/index.html.erb within layouts/application (Duration: 3.6ms | Allocations: 1123)
  Rendered layout layouts/application.html.erb (Duration: 8.4ms | Allocations: 3343)
Completed 200 OK in 10ms (Views: 9.0ms | ActiveRecord: 0.2ms | Allocations: 3758)


